This file contains any messages produced by compilers while
running configure, to aid debugging if configure makes a mistake.

It was created by fast configure 0.4.5, which was
generated by GNU Autoconf 2.69.  Invocation command line was

  $ ./configure CC=arm-xilinx-linux-gnueabi-gcc --prefix=/home/magiclab/openbox --host=arm-xilinx-linux-gnueabi CPPFLAGS=-Iarm-xilinx-linux-gnueabi/include LDFLAGS=-L/opt/xilinx/arm-xilinx-linux-gnueabi/lib

## --------- ##
## Platform. ##
## --------- ##

hostname = MAGICLAB
uname -m = x86_64
uname -r = 4.2.0-27-generic
uname -s = Linux
uname -v = #32~14.04.1-Ubuntu SMP Fri Jan 22 15:32:26 UTC 2016

/usr/bin/uname -p = unknown
/bin/uname -X     = unknown

/bin/arch              = unknown
/usr/bin/arch -k       = unknown
/usr/convex/getsysinfo = unknown
/usr/bin/hostinfo      = unknown
/bin/machine           = unknown
/usr/bin/oslevel       = unknown
/bin/universe          = unknown

PATH: /usr/local/sbin
PATH: /usr/local/bin
PATH: /usr/sbin
PATH: /usr/bin
PATH: /sbin
PATH: /bin
PATH: /usr/games
PATH: /usr/local/games
PATH: /opt/xilinx/bin/


## ----------- ##
## Core tests. ##
## ----------- ##

configure:2159: checking for a BSD-compatible install
configure:2227: result: /usr/bin/install -c
configure:2238: checking whether build environment is sane
configure:2293: result: yes
configure:2352: checking for arm-xilinx-linux-gnueabi-strip
configure:2368: found /opt/xilinx/bin//arm-xilinx-linux-gnueabi-strip
configure:2379: result: arm-xilinx-linux-gnueabi-strip
configure:2444: checking for a thread-safe mkdir -p
configure:2483: result: /bin/mkdir -p
configure:2490: checking for gawk
configure:2506: found /usr/bin/gawk
configure:2517: result: gawk
configure:2528: checking whether make sets $(MAKE)
configure:2550: result: yes
configure:2579: checking whether make supports nested variables
configure:2596: result: yes
configure:2733: checking whether make supports nested variables
configure:2750: result: yes
configure:2770: checking for arm-xilinx-linux-gnueabi-gcc
configure:2797: result: arm-xilinx-linux-gnueabi-gcc
configure:3066: checking for C compiler version
configure:3075: arm-xilinx-linux-gnueabi-gcc --version >&5
arm-xilinx-linux-gnueabi-gcc (Sourcery CodeBench Lite 2011.09-50) 4.6.1
Copyright (C) 2011 Free Software Foundation, Inc.
This is free software; see the source for copying conditions.  There is NO
warranty; not even for MERCHANTABILITY or FITNESS FOR A PARTICULAR PURPOSE.

configure:3086: $? = 0
configure:3075: arm-xilinx-linux-gnueabi-gcc -v >&5
Using built-in specs.
COLLECT_GCC=arm-xilinx-linux-gnueabi-gcc
COLLECT_LTO_WRAPPER=/opt/xilinx/bin/../libexec/gcc/arm-xilinx-linux-gnueabi/4.6.1/lto-wrapper
Target: arm-xilinx-linux-gnueabi
Configured with: /scratch/janisjo/2011.09-xilinx-linux/src/gcc-4.6-2011.09/configure --build=i686-pc-linux-gnu --host=i686-pc-linux-gnu --target=arm-xilinx-linux-gnueabi --enable-threads --disable-libmudflap --disable-libssp --disable-libstdcxx-pch --enable-extra-sgxxlite-multilibs --with-arch=armv5te --with-cpu=cortex-a9 --with-float=softfp --with-fpu=neon-fp16 --disable-multilib --with-gnu-as --with-gnu-ld --with-specs='%{save-temps: -fverbose-asm} %{funwind-tables|fno-unwind-tables|mabi=*|ffreestanding|nostdlib:;:-funwind-tables} -D__CS_SOURCERYGXX_MAJ__=2011 -D__CS_SOURCERYGXX_MIN__=9 -D__CS_SOURCERYGXX_REV__=50 %{O2:%{!fno-remove-local-statics: -fremove-local-statics}} %{O*:%{O|O0|O1|O2|Os:;:%{!fno-remove-local-statics: -fremove-local-statics}}}' --enable-languages=c,c++ --enable-shared --enable-lto --enable-symvers=gnu --enable-__cxa_atexit --with-pkgversion='Sourcery CodeBench Lite 2011.09-50' --with-bugurl=https://support.codesourcery.com/GNUToolchain/ --disable-nls --prefix=/opt/codesourcery --with-sysroot=/opt/codesourcery/arm-xilinx-linux-gnueabi/libc --with-build-sysroot=/scratch/janisjo/2011.09-xilinx-linux/install/arm-xilinx-linux-gnueabi/libc --with-gmp=/scratch/janisjo/2011.09-xilinx-linux/obj/host-libs-2011.09-50-arm-xilinx-linux-gnueabi-i686-pc-linux-gnu/usr --with-mpfr=/scratch/janisjo/2011.09-xilinx-linux/obj/host-libs-2011.09-50-arm-xilinx-linux-gnueabi-i686-pc-linux-gnu/usr --with-mpc=/scratch/janisjo/2011.09-xilinx-linux/obj/host-libs-2011.09-50-arm-xilinx-linux-gnueabi-i686-pc-linux-gnu/usr --with-ppl=/scratch/janisjo/2011.09-xilinx-linux/obj/host-libs-2011.09-50-arm-xilinx-linux-gnueabi-i686-pc-linux-gnu/usr --with-host-libstdcxx='-static-libgcc -Wl,-Bstatic,-lstdc++,-Bdynamic -lm' --with-cloog=/scratch/janisjo/2011.09-xilinx-linux/obj/host-libs-2011.09-50-arm-xilinx-linux-gnueabi-i686-pc-linux-gnu/usr --with-libelf=/scratch/janisjo/2011.09-xilinx-linux/obj/host-libs-2011.09-50-arm-xilinx-linux-gnueabi-i686-pc-linux-gnu/usr --disable-libgomp --enable-poison-system-directories --with-build-time-tools=/scratch/janisjo/2011.09-xilinx-linux/install/arm-xilinx-linux-gnueabi/bin --with-build-time-tools=/scratch/janisjo/2011.09-xilinx-linux/install/arm-xilinx-linux-gnueabi/bin
Thread model: posix
gcc version 4.6.1 (Sourcery CodeBench Lite 2011.09-50) 
configure:3086: $? = 0
configure:3075: arm-xilinx-linux-gnueabi-gcc -V >&5
arm-xilinx-linux-gnueabi-gcc: error: unrecognized option '-V'
arm-xilinx-linux-gnueabi-gcc: fatal error: no input files
compilation terminated.
configure:3086: $? = 1
configure:3075: arm-xilinx-linux-gnueabi-gcc -qversion >&5
arm-xilinx-linux-gnueabi-gcc: error: unrecognized option '-qversion'
arm-xilinx-linux-gnueabi-gcc: fatal error: no input files
compilation terminated.
configure:3086: $? = 1
configure:3106: checking whether the C compiler works
configure:3128: arm-xilinx-linux-gnueabi-gcc  -Iarm-xilinx-linux-gnueabi/include -L/opt/xilinx/arm-xilinx-linux-gnueabi/lib conftest.c  >&5
configure:3132: $? = 0
configure:3180: result: yes
configure:3183: checking for C compiler default output file name
configure:3185: result: a.out
configure:3191: checking for suffix of executables
configure:3198: arm-xilinx-linux-gnueabi-gcc -o conftest  -Iarm-xilinx-linux-gnueabi/include -L/opt/xilinx/arm-xilinx-linux-gnueabi/lib conftest.c  >&5
configure:3202: $? = 0
configure:3224: result: 
configure:3246: checking whether we are cross compiling
configure:3254: arm-xilinx-linux-gnueabi-gcc -o conftest  -Iarm-xilinx-linux-gnueabi/include -L/opt/xilinx/arm-xilinx-linux-gnueabi/lib conftest.c  >&5
configure:3258: $? = 0
configure:3265: ./conftest
./configure: line 3267: ./conftest: cannot execute binary file: Exec format error
configure:3269: $? = 126
configure:3284: result: yes
configure:3289: checking for suffix of object files
configure:3311: arm-xilinx-linux-gnueabi-gcc -c  -Iarm-xilinx-linux-gnueabi/include conftest.c >&5
configure:3315: $? = 0
configure:3336: result: o
configure:3340: checking whether we are using the GNU C compiler
configure:3359: arm-xilinx-linux-gnueabi-gcc -c  -Iarm-xilinx-linux-gnueabi/include conftest.c >&5
configure:3359: $? = 0
configure:3368: result: yes
configure:3377: checking whether arm-xilinx-linux-gnueabi-gcc accepts -g
configure:3397: arm-xilinx-linux-gnueabi-gcc -c -g -Iarm-xilinx-linux-gnueabi/include conftest.c >&5
configure:3397: $? = 0
configure:3438: result: yes
configure:3455: checking for arm-xilinx-linux-gnueabi-gcc option to accept ISO C89
configure:3518: arm-xilinx-linux-gnueabi-gcc  -c -g -O2 -Iarm-xilinx-linux-gnueabi/include conftest.c >&5
configure:3518: $? = 0
configure:3531: result: none needed
configure:3556: checking whether arm-xilinx-linux-gnueabi-gcc understands -c and -o together
configure:3578: arm-xilinx-linux-gnueabi-gcc -c conftest.c -o conftest2.o
configure:3581: $? = 0
configure:3578: arm-xilinx-linux-gnueabi-gcc -c conftest.c -o conftest2.o
configure:3581: $? = 0
configure:3593: result: yes
configure:3621: checking for style of include used by make
configure:3649: result: GNU
configure:3675: checking dependency style of arm-xilinx-linux-gnueabi-gcc
configure:3786: result: gcc3
configure:3838: checking build system type
configure:3852: result: x86_64-unknown-linux-gnu
configure:3872: checking host system type
configure:3885: result: arm-xilinx-linux-gnueabi
configure:3926: checking how to print strings
configure:3953: result: printf
configure:3974: checking for a sed that does not truncate output
configure:4038: result: /bin/sed
configure:4056: checking for grep that handles long lines and -e
configure:4114: result: /bin/grep
configure:4119: checking for egrep
configure:4181: result: /bin/grep -E
configure:4186: checking for fgrep
configure:4248: result: /bin/grep -F
configure:4283: checking for ld used by arm-xilinx-linux-gnueabi-gcc
configure:4350: result: /opt/xilinx/arm-xilinx-linux-gnueabi/bin/ld
configure:4357: checking if the linker (/opt/xilinx/arm-xilinx-linux-gnueabi/bin/ld) is GNU ld
configure:4372: result: yes
configure:4384: checking for BSD- or MS-compatible name lister (nm)
configure:4433: result: /opt/xilinx/bin//arm-xilinx-linux-gnueabi-nm -B
configure:4563: checking the name lister (/opt/xilinx/bin//arm-xilinx-linux-gnueabi-nm -B) interface
configure:4570: arm-xilinx-linux-gnueabi-gcc -c -g -O2 -Iarm-xilinx-linux-gnueabi/include conftest.c >&5
configure:4573: /opt/xilinx/bin//arm-xilinx-linux-gnueabi-nm -B "conftest.o"
configure:4576: output
00000000 B some_variable
configure:4583: result: BSD nm
configure:4586: checking whether ln -s works
configure:4590: result: yes
configure:4598: checking the maximum length of command line arguments
configure:4729: result: 1572864
configure:4746: checking whether the shell understands some XSI constructs
configure:4756: result: yes
configure:4760: checking whether the shell understands "+="
configure:4766: result: yes
configure:4801: checking how to convert x86_64-unknown-linux-gnu file names to arm-xilinx-linux-gnueabi format
configure:4841: result: func_convert_file_noop
configure:4848: checking how to convert x86_64-unknown-linux-gnu file names to toolchain format
configure:4868: result: func_convert_file_noop
configure:4875: checking for /opt/xilinx/arm-xilinx-linux-gnueabi/bin/ld option to reload object files
configure:4882: result: -r
configure:4916: checking for arm-xilinx-linux-gnueabi-objdump
configure:4932: found /opt/xilinx/bin//arm-xilinx-linux-gnueabi-objdump
configure:4943: result: arm-xilinx-linux-gnueabi-objdump
configure:5015: checking how to recognize dependent libraries
configure:5213: result: pass_all
configure:5258: checking for arm-xilinx-linux-gnueabi-dlltool
configure:5288: result: no
configure:5298: checking for dlltool
configure:5328: result: no
configure:5358: checking how to associate runtime and link libraries
configure:5385: result: printf %s\n
configure:5402: checking for arm-xilinx-linux-gnueabi-ar
configure:5418: found /opt/xilinx/bin//arm-xilinx-linux-gnueabi-ar
configure:5429: result: arm-xilinx-linux-gnueabi-ar
configure:5510: checking for archiver @FILE support
configure:5527: arm-xilinx-linux-gnueabi-gcc -c -g -O2 -Iarm-xilinx-linux-gnueabi/include conftest.c >&5
configure:5527: $? = 0
configure:5530: arm-xilinx-linux-gnueabi-ar cru libconftest.a @conftest.lst >&5
configure:5533: $? = 0
configure:5538: arm-xilinx-linux-gnueabi-ar cru libconftest.a @conftest.lst >&5
arm-xilinx-linux-gnueabi-ar: conftest.o: No such file or directory
configure:5541: $? = 1
configure:5553: result: @
configure:5571: checking for arm-xilinx-linux-gnueabi-strip
configure:5598: result: arm-xilinx-linux-gnueabi-strip
configure:5670: checking for arm-xilinx-linux-gnueabi-ranlib
configure:5686: found /opt/xilinx/bin//arm-xilinx-linux-gnueabi-ranlib
configure:5697: result: arm-xilinx-linux-gnueabi-ranlib
configure:5839: checking command to parse /opt/xilinx/bin//arm-xilinx-linux-gnueabi-nm -B output from arm-xilinx-linux-gnueabi-gcc object
configure:5959: arm-xilinx-linux-gnueabi-gcc -c -g -O2 -Iarm-xilinx-linux-gnueabi/include conftest.c >&5
configure:5962: $? = 0
configure:5966: /opt/xilinx/bin//arm-xilinx-linux-gnueabi-nm -B conftest.o \| sed -n -e 's/^.*[ ]\([ABCDGIRSTW][ABCDGIRSTW]*\)[ ][ ]*\([_A-Za-z][_A-Za-z0-9]*\)$/\1 \2 \2/p' | sed '/ __gnu_lto/d' \> conftest.nm
configure:5969: $? = 0
configure:6035: arm-xilinx-linux-gnueabi-gcc -o conftest -g -O2 -Iarm-xilinx-linux-gnueabi/include -L/opt/xilinx/arm-xilinx-linux-gnueabi/lib conftest.c conftstm.o >&5
configure:6038: $? = 0
configure:6076: result: ok
configure:6113: checking for sysroot
configure:6143: result: no
configure:6372: checking for arm-xilinx-linux-gnueabi-mt
configure:6402: result: no
configure:6412: checking for mt
configure:6428: found /bin/mt
configure:6439: result: mt
configure:6451: WARNING: using cross tools not prefixed with host triplet
configure:6462: checking if mt is a manifest tool
configure:6468: mt '-?'
configure:6476: result: no
configure:7118: checking how to run the C preprocessor
configure:7149: arm-xilinx-linux-gnueabi-gcc -E -Iarm-xilinx-linux-gnueabi/include conftest.c
configure:7149: $? = 0
configure:7163: arm-xilinx-linux-gnueabi-gcc -E -Iarm-xilinx-linux-gnueabi/include conftest.c
conftest.c:11:28: fatal error: ac_nonexistent.h: No such file or directory
compilation terminated.
configure:7163: $? = 1
configure: failed program was:
| /* confdefs.h */
| #define PACKAGE_NAME "fast"
| #define PACKAGE_TARNAME "fast"
| #define PACKAGE_VERSION "0.4.5"
| #define PACKAGE_STRING "fast 0.4.5"
| #define PACKAGE_BUGREPORT ""
| #define PACKAGE_URL ""
| #define PACKAGE "fast"
| #define VERSION "0.4.5"
| /* end confdefs.h.  */
| #include <ac_nonexistent.h>
configure:7188: result: arm-xilinx-linux-gnueabi-gcc -E
configure:7208: arm-xilinx-linux-gnueabi-gcc -E -Iarm-xilinx-linux-gnueabi/include conftest.c
configure:7208: $? = 0
configure:7222: arm-xilinx-linux-gnueabi-gcc -E -Iarm-xilinx-linux-gnueabi/include conftest.c
conftest.c:11:28: fatal error: ac_nonexistent.h: No such file or directory
compilation terminated.
configure:7222: $? = 1
configure: failed program was:
| /* confdefs.h */
| #define PACKAGE_NAME "fast"
| #define PACKAGE_TARNAME "fast"
| #define PACKAGE_VERSION "0.4.5"
| #define PACKAGE_STRING "fast 0.4.5"
| #define PACKAGE_BUGREPORT ""
| #define PACKAGE_URL ""
| #define PACKAGE "fast"
| #define VERSION "0.4.5"
| /* end confdefs.h.  */
| #include <ac_nonexistent.h>
configure:7251: checking for ANSI C header files
configure:7271: arm-xilinx-linux-gnueabi-gcc -c -g -O2 -Iarm-xilinx-linux-gnueabi/include conftest.c >&5
configure:7271: $? = 0
configure:7355: result: yes
configure:7368: checking for sys/types.h
configure:7368: arm-xilinx-linux-gnueabi-gcc -c -g -O2 -Iarm-xilinx-linux-gnueabi/include conftest.c >&5
configure:7368: $? = 0
configure:7368: result: yes
configure:7368: checking for sys/stat.h
configure:7368: arm-xilinx-linux-gnueabi-gcc -c -g -O2 -Iarm-xilinx-linux-gnueabi/include conftest.c >&5
configure:7368: $? = 0
configure:7368: result: yes
configure:7368: checking for stdlib.h
configure:7368: arm-xilinx-linux-gnueabi-gcc -c -g -O2 -Iarm-xilinx-linux-gnueabi/include conftest.c >&5
configure:7368: $? = 0
configure:7368: result: yes
configure:7368: checking for string.h
configure:7368: arm-xilinx-linux-gnueabi-gcc -c -g -O2 -Iarm-xilinx-linux-gnueabi/include conftest.c >&5
configure:7368: $? = 0
configure:7368: result: yes
configure:7368: checking for memory.h
configure:7368: arm-xilinx-linux-gnueabi-gcc -c -g -O2 -Iarm-xilinx-linux-gnueabi/include conftest.c >&5
configure:7368: $? = 0
configure:7368: result: yes
configure:7368: checking for strings.h
configure:7368: arm-xilinx-linux-gnueabi-gcc -c -g -O2 -Iarm-xilinx-linux-gnueabi/include conftest.c >&5
configure:7368: $? = 0
configure:7368: result: yes
configure:7368: checking for inttypes.h
configure:7368: arm-xilinx-linux-gnueabi-gcc -c -g -O2 -Iarm-xilinx-linux-gnueabi/include conftest.c >&5
configure:7368: $? = 0
configure:7368: result: yes
configure:7368: checking for stdint.h
configure:7368: arm-xilinx-linux-gnueabi-gcc -c -g -O2 -Iarm-xilinx-linux-gnueabi/include conftest.c >&5
configure:7368: $? = 0
configure:7368: result: yes
configure:7368: checking for unistd.h
configure:7368: arm-xilinx-linux-gnueabi-gcc -c -g -O2 -Iarm-xilinx-linux-gnueabi/include conftest.c >&5
configure:7368: $? = 0
configure:7368: result: yes
configure:7382: checking for dlfcn.h
configure:7382: arm-xilinx-linux-gnueabi-gcc -c -g -O2 -Iarm-xilinx-linux-gnueabi/include conftest.c >&5
configure:7382: $? = 0
configure:7382: result: yes
configure:7588: checking for objdir
configure:7603: result: .libs
configure:7870: checking if arm-xilinx-linux-gnueabi-gcc supports -fno-rtti -fno-exceptions
configure:7888: arm-xilinx-linux-gnueabi-gcc -c -g -O2 -Iarm-xilinx-linux-gnueabi/include -fno-rtti -fno-exceptions conftest.c >&5
cc1: warning: command line option '-fno-rtti' is valid for C++/ObjC++ but not for C [enabled by default]
configure:7892: $? = 0
configure:7905: result: no
configure:8232: checking for arm-xilinx-linux-gnueabi-gcc option to produce PIC
configure:8239: result: -fPIC -DPIC
configure:8247: checking if arm-xilinx-linux-gnueabi-gcc PIC flag -fPIC -DPIC works
configure:8265: arm-xilinx-linux-gnueabi-gcc -c -g -O2 -Iarm-xilinx-linux-gnueabi/include -fPIC -DPIC -DPIC conftest.c >&5
configure:8269: $? = 0
configure:8282: result: yes
configure:8311: checking if arm-xilinx-linux-gnueabi-gcc static flag -static works
configure:8339: result: yes
configure:8354: checking if arm-xilinx-linux-gnueabi-gcc supports -c -o file.o
configure:8375: arm-xilinx-linux-gnueabi-gcc -c -g -O2 -Iarm-xilinx-linux-gnueabi/include -o out/conftest2.o conftest.c >&5
configure:8379: $? = 0
configure:8401: result: yes
configure:8409: checking if arm-xilinx-linux-gnueabi-gcc supports -c -o file.o
configure:8456: result: yes
configure:8489: checking whether the arm-xilinx-linux-gnueabi-gcc linker (/opt/xilinx/arm-xilinx-linux-gnueabi/bin/ld) supports shared libraries
configure:9646: result: yes
configure:9683: checking whether -lc should be explicitly linked in
configure:9691: arm-xilinx-linux-gnueabi-gcc -c -g -O2 -Iarm-xilinx-linux-gnueabi/include conftest.c >&5
configure:9694: $? = 0
configure:9709: arm-xilinx-linux-gnueabi-gcc -shared  -fPIC -DPIC conftest.o  -v -Wl,-soname -Wl,conftest -o conftest 2\>\&1 \| /bin/grep  -lc  \>/dev/null 2\>\&1
configure:9712: $? = 0
configure:9726: result: no
configure:9886: checking dynamic linker characteristics
configure:10386: arm-xilinx-linux-gnueabi-gcc -o conftest -g -O2 -Iarm-xilinx-linux-gnueabi/include -L/opt/xilinx/arm-xilinx-linux-gnueabi/lib -Wl,-rpath -Wl,/foo conftest.c  >&5
configure:10386: $? = 0
configure:10620: result: GNU/Linux ld.so
configure:10727: checking how to hardcode library paths into programs
configure:10752: result: immediate
configure:11292: checking whether stripping libraries is possible
configure:11297: result: yes
configure:11332: checking if libtool supports shared libraries
configure:11334: result: yes
configure:11337: checking whether to build shared libraries
configure:11358: result: yes
configure:11361: checking whether to build static libraries
configure:11365: result: yes
configure:11518: checking that generated files are newer than configure
configure:11524: result: done
configure:11547: creating ./config.status

## ---------------------- ##
## Running config.status. ##
## ---------------------- ##

This file was extended by fast config.status 0.4.5, which was
generated by GNU Autoconf 2.69.  Invocation command line was

  CONFIG_FILES    = 
  CONFIG_HEADERS  = 
  CONFIG_LINKS    = 
  CONFIG_COMMANDS = 
  $ ./config.status 

on MAGICLAB

config.status:1103: creating Makefile
config.status:1103: creating src/Makefile
config.status:1103: creating include/Makefile
config.status:1103: creating lib/Makefile
config.status:1103: creating app/Makefile
config.status:1103: creating tools/Makefile
config.status:1103: creating lib/libreg/Makefile
config.status:1103: creating lib/librule/Makefile
config.status:1103: creating lib/libua/Makefile
config.status:1103: creating lib/libofp/Makefile
config.status:1103: creating lib/libams/Makefile
config.status:1103: creating app/l2switch/Makefile
config.status:1103: creating app/openflow/Makefile
config.status:1103: creating app/ams/Makefile
config.status:1103: creating app/l3router/Makefile
config.status:1103: creating tools/debug/Makefile
config.status:1103: creating tools/reg_rw/Makefile
config.status:1103: creating tools/rule_rw/Makefile
config.status:1103: creating tools/port_counts/Makefile
config.status:1103: creating tools/port_status/Makefile
config.status:1103: creating tools/ctl_rw/Makefile
config.status:1103: creating tools/mem_rw/Makefile
config.status:1103: creating tools/version/Makefile
config.status:1103: creating tools/ua_fwd/Makefile
config.status:1103: creating config.h
config.status:1284: config.h is unchanged
config.status:1332: executing depfiles commands
config.status:1332: executing libtool commands

## ---------------- ##
## Cache variables. ##
## ---------------- ##

ac_cv_build=x86_64-unknown-linux-gnu
ac_cv_c_compiler_gnu=yes
ac_cv_env_CC_set=set
ac_cv_env_CC_value=arm-xilinx-linux-gnueabi-gcc
ac_cv_env_CFLAGS_set=
ac_cv_env_CFLAGS_value=
ac_cv_env_CPPFLAGS_set=set
ac_cv_env_CPPFLAGS_value=-Iarm-xilinx-linux-gnueabi/include
ac_cv_env_CPP_set=
ac_cv_env_CPP_value=
ac_cv_env_LDFLAGS_set=set
ac_cv_env_LDFLAGS_value=-L/opt/xilinx/arm-xilinx-linux-gnueabi/lib
ac_cv_env_LIBS_set=
ac_cv_env_LIBS_value=
ac_cv_env_build_alias_set=
ac_cv_env_build_alias_value=
ac_cv_env_host_alias_set=set
ac_cv_env_host_alias_value=arm-xilinx-linux-gnueabi
ac_cv_env_target_alias_set=
ac_cv_env_target_alias_value=
ac_cv_header_dlfcn_h=yes
ac_cv_header_inttypes_h=yes
ac_cv_header_memory_h=yes
ac_cv_header_stdc=yes
ac_cv_header_stdint_h=yes
ac_cv_header_stdlib_h=yes
ac_cv_header_string_h=yes
ac_cv_header_strings_h=yes
ac_cv_header_sys_stat_h=yes
ac_cv_header_sys_types_h=yes
ac_cv_header_unistd_h=yes
ac_cv_host=arm-xilinx-linux-gnueabi
ac_cv_objext=o
ac_cv_path_EGREP='/bin/grep -E'
ac_cv_path_FGREP='/bin/grep -F'
ac_cv_path_GREP=/bin/grep
ac_cv_path_SED=/bin/sed
ac_cv_path_install='/usr/bin/install -c'
ac_cv_path_mkdir=/bin/mkdir
ac_cv_prog_AR=arm-xilinx-linux-gnueabi-ar
ac_cv_prog_AWK=gawk
ac_cv_prog_CC=arm-xilinx-linux-gnueabi-gcc
ac_cv_prog_CPP='arm-xilinx-linux-gnueabi-gcc -E'
ac_cv_prog_OBJDUMP=arm-xilinx-linux-gnueabi-objdump
ac_cv_prog_RANLIB=arm-xilinx-linux-gnueabi-ranlib
ac_cv_prog_STRIP=arm-xilinx-linux-gnueabi-strip
ac_cv_prog_ac_ct_MANIFEST_TOOL=mt
ac_cv_prog_cc_c89=
ac_cv_prog_cc_g=yes
ac_cv_prog_make_make_set=yes
am_cv_CC_dependencies_compiler_type=gcc3
am_cv_make_support_nested_variables=yes
am_cv_prog_cc_c_o=yes
lt_cv_ar_at_file=@
lt_cv_archive_cmds_need_lc=no
lt_cv_deplibs_check_method=pass_all
lt_cv_file_magic_cmd='$MAGIC_CMD'
lt_cv_file_magic_test_file=
lt_cv_ld_reload_flag=-r
lt_cv_nm_interface='BSD nm'
lt_cv_objdir=.libs
lt_cv_path_LD=/opt/xilinx/arm-xilinx-linux-gnueabi/bin/ld
lt_cv_path_NM='/opt/xilinx/bin//arm-xilinx-linux-gnueabi-nm -B'
lt_cv_path_mainfest_tool=no
lt_cv_prog_compiler_c_o=yes
lt_cv_prog_compiler_pic='-fPIC -DPIC'
lt_cv_prog_compiler_pic_works=yes
lt_cv_prog_compiler_rtti_exceptions=no
lt_cv_prog_compiler_static_works=yes
lt_cv_prog_gnu_ld=yes
lt_cv_sharedlib_from_linklib_cmd='printf %s\n'
lt_cv_shlibpath_overrides_runpath=no
lt_cv_sys_global_symbol_pipe='sed -n -e '\''s/^.*[	 ]\([ABCDGIRSTW][ABCDGIRSTW]*\)[	 ][	 ]*\([_A-Za-z][_A-Za-z0-9]*\)$/\1 \2 \2/p'\'' | sed '\''/ __gnu_lto/d'\'''
lt_cv_sys_global_symbol_to_c_name_address='sed -n -e '\''s/^: \([^ ]*\)[ ]*$/  {\"\1\", (void *) 0},/p'\'' -e '\''s/^[ABCDGIRSTW]* \([^ ]*\) \([^ ]*\)$/  {"\2", (void *) \&\2},/p'\'''
lt_cv_sys_global_symbol_to_c_name_address_lib_prefix='sed -n -e '\''s/^: \([^ ]*\)[ ]*$/  {\"\1\", (void *) 0},/p'\'' -e '\''s/^[ABCDGIRSTW]* \([^ ]*\) \(lib[^ ]*\)$/  {"\2", (void *) \&\2},/p'\'' -e '\''s/^[ABCDGIRSTW]* \([^ ]*\) \([^ ]*\)$/  {"lib\2", (void *) \&\2},/p'\'''
lt_cv_sys_global_symbol_to_cdecl='sed -n -e '\''s/^T .* \(.*\)$/extern int \1();/p'\'' -e '\''s/^[ABCDGIRSTW]* .* \(.*\)$/extern char \1;/p'\'''
lt_cv_sys_max_cmd_len=1572864
lt_cv_to_host_file_cmd=func_convert_file_noop
lt_cv_to_tool_file_cmd=func_convert_file_noop

## ----------------- ##
## Output variables. ##
## ----------------- ##

ACLOCAL='${SHELL} /home/magiclab/fast-0.4.5/missing aclocal-1.14'
AMDEPBACKSLASH='\'
AMDEP_FALSE='#'
AMDEP_TRUE=''
AMTAR='$${TAR-tar}'
AM_BACKSLASH='\'
AM_DEFAULT_V='$(AM_DEFAULT_VERBOSITY)'
AM_DEFAULT_VERBOSITY='0'
AM_V='$(V)'
AR='arm-xilinx-linux-gnueabi-ar'
AUTOCONF='${SHELL} /home/magiclab/fast-0.4.5/missing autoconf'
AUTOHEADER='${SHELL} /home/magiclab/fast-0.4.5/missing autoheader'
AUTOMAKE='${SHELL} /home/magiclab/fast-0.4.5/missing automake-1.14'
AWK='gawk'
CC='arm-xilinx-linux-gnueabi-gcc'
CCDEPMODE='depmode=gcc3'
CFLAGS='-g -O2'
CPP='arm-xilinx-linux-gnueabi-gcc -E'
CPPFLAGS='-Iarm-xilinx-linux-gnueabi/include'
CYGPATH_W='echo'
DEFS='-DHAVE_CONFIG_H'
DEPDIR='.deps'
DLLTOOL='false'
DSYMUTIL=''
DUMPBIN=''
ECHO_C=''
ECHO_N='-n'
ECHO_T=''
EGREP='/bin/grep -E'
EXEEXT=''
FGREP='/bin/grep -F'
GREP='/bin/grep'
INSTALL_DATA='${INSTALL} -m 644'
INSTALL_PROGRAM='${INSTALL}'
INSTALL_SCRIPT='${INSTALL}'
INSTALL_STRIP_PROGRAM='$(install_sh) -c -s'
LD='/opt/xilinx/arm-xilinx-linux-gnueabi/bin/ld'
LDFLAGS='-L/opt/xilinx/arm-xilinx-linux-gnueabi/lib'
LIBOBJS=''
LIBS=''
LIBTOOL='$(SHELL) $(top_builddir)/libtool'
LIPO=''
LN_S='ln -s'
LTLIBOBJS=''
MAKEINFO='${SHELL} /home/magiclab/fast-0.4.5/missing makeinfo'
MANIFEST_TOOL=':'
MKDIR_P='/bin/mkdir -p'
NM='/opt/xilinx/bin//arm-xilinx-linux-gnueabi-nm -B'
NMEDIT=''
OBJDUMP='arm-xilinx-linux-gnueabi-objdump'
OBJEXT='o'
OTOOL64=''
OTOOL=''
PACKAGE='fast'
PACKAGE_BUGREPORT=''
PACKAGE_NAME='fast'
PACKAGE_STRING='fast 0.4.5'
PACKAGE_TARNAME='fast'
PACKAGE_URL=''
PACKAGE_VERSION='0.4.5'
PATH_SEPARATOR=':'
RANLIB='arm-xilinx-linux-gnueabi-ranlib'
SED='/bin/sed'
SET_MAKE=''
SHELL='/bin/sh'
STRIP='arm-xilinx-linux-gnueabi-strip'
VERSION='0.4.5'
ac_ct_AR=''
ac_ct_CC=''
ac_ct_DUMPBIN=''
am__EXEEXT_FALSE=''
am__EXEEXT_TRUE='#'
am__fastdepCC_FALSE='#'
am__fastdepCC_TRUE=''
am__include='include'
am__isrc=''
am__leading_dot='.'
am__nodep='_no'
am__quote=''
am__tar='$${TAR-tar} chof - "$$tardir"'
am__untar='$${TAR-tar} xf -'
bindir='${exec_prefix}/bin'
build='x86_64-unknown-linux-gnu'
build_alias=''
build_cpu='x86_64'
build_os='linux-gnu'
build_vendor='unknown'
datadir='${datarootdir}'
datarootdir='${prefix}/share'
docdir='${datarootdir}/doc/${PACKAGE_TARNAME}'
dvidir='${docdir}'
exec_prefix='${prefix}'
host='arm-xilinx-linux-gnueabi'
host_alias='arm-xilinx-linux-gnueabi'
host_cpu='arm'
host_os='linux-gnueabi'
host_vendor='xilinx'
htmldir='${docdir}'
includedir='${prefix}/include'
infodir='${datarootdir}/info'
install_sh='${SHELL} /home/magiclab/fast-0.4.5/install-sh'
libdir='${exec_prefix}/lib'
libexecdir='${exec_prefix}/libexec'
localedir='${datarootdir}/locale'
localstatedir='${prefix}/var'
mandir='${datarootdir}/man'
mkdir_p='$(MKDIR_P)'
oldincludedir='/usr/include'
pdfdir='${docdir}'
prefix='/home/magiclab/openbox'
program_transform_name='s,x,x,'
psdir='${docdir}'
sbindir='${exec_prefix}/sbin'
sharedstatedir='${prefix}/com'
sysconfdir='${prefix}/etc'
target_alias=''

## ----------- ##
## confdefs.h. ##
## ----------- ##

/* confdefs.h */
#define PACKAGE_NAME "fast"
#define PACKAGE_TARNAME "fast"
#define PACKAGE_VERSION "0.4.5"
#define PACKAGE_STRING "fast 0.4.5"
#define PACKAGE_BUGREPORT ""
#define PACKAGE_URL ""
#define PACKAGE "fast"
#define VERSION "0.4.5"
#define STDC_HEADERS 1
#define HAVE_SYS_TYPES_H 1
#define HAVE_SYS_STAT_H 1
#define HAVE_STDLIB_H 1
#define HAVE_STRING_H 1
#define HAVE_MEMORY_H 1
#define HAVE_STRINGS_H 1
#define HAVE_INTTYPES_H 1
#define HAVE_STDINT_H 1
#define HAVE_UNISTD_H 1
#define HAVE_DLFCN_H 1
#define LT_OBJDIR ".libs/"

configure: exit 0
